Using pre-set license
Built from '2021.3/staging' branch; Version is '2021.3.7f1 (24e8595d6d43) revision 2418777'; Using compiler version '192829333'; Build Type 'Release'
OS: 'Windows 11  (10.0.22000) 64bit Education' Language: 'en' Physical Memory: 16236 MB
BatchMode: 1, IsHumanControllingUs: 0, StartBugReporterOnCrash: 0, Is64bit: 1, IsPro: 1

COMMAND LINE ARGUMENTS:
C:\Program Files\Unity\Hub\Editor\2021.3.7f1\Editor\Unity.exe
-adb2
-batchMode
-noUpm
-name
AssetImportWorker0
-projectPath
C:/UnityDevelopment/Hands
-logFile
Logs/AssetImportWorker0.log
-srvPort
63248
Successfully changed project path to: C:/UnityDevelopment/Hands
C:/UnityDevelopment/Hands
[UnityMemory] Configuration Parameters - Can be set up in boot.config
    "memorysetup-bucket-allocator-granularity=16"
    "memorysetup-bucket-allocator-bucket-count=8"
    "memorysetup-bucket-allocator-block-size=33554432"
    "memorysetup-bucket-allocator-block-count=8"
    "memorysetup-main-allocator-block-size=16777216"
    "memorysetup-thread-allocator-block-size=16777216"
    "memorysetup-gfx-main-allocator-block-size=16777216"
    "memorysetup-gfx-thread-allocator-block-size=16777216"
    "memorysetup-cache-allocator-block-size=4194304"
    "memorysetup-typetree-allocator-block-size=2097152"
    "memorysetup-profiler-bucket-allocator-granularity=16"
    "memorysetup-profiler-bucket-allocator-bucket-count=8"
    "memorysetup-profiler-bucket-allocator-block-size=33554432"
    "memorysetup-profiler-bucket-allocator-block-count=8"
    "memorysetup-profiler-allocator-block-size=16777216"
    "memorysetup-profiler-editor-allocator-block-size=1048576"
    "memorysetup-temp-allocator-size-main=16777216"
    "memorysetup-job-temp-allocator-block-size=2097152"
    "memorysetup-job-temp-allocator-block-size-background=1048576"
    "memorysetup-job-temp-allocator-reduction-small-platforms=262144"
    "memorysetup-temp-allocator-size-background-worker=32768"
    "memorysetup-temp-allocator-size-job-worker=262144"
    "memorysetup-temp-allocator-size-preload-manager=33554432"
    "memorysetup-temp-allocator-size-nav-mesh-worker=65536"
    "memorysetup-temp-allocator-size-audio-worker=65536"
    "memorysetup-temp-allocator-size-cloud-worker=32768"
    "memorysetup-temp-allocator-size-gi-baking-worker=262144"
    "memorysetup-temp-allocator-size-gfx=262144"
Refreshing native plugins compatible for Editor in 167.83 ms, found 12 plugins.
Preloading 1 native plugins for Editor in 0.85 ms.
Initialize engine version: 2021.3.7f1 (24e8595d6d43)
[Subsystems] Discovering subsystems at path C:/Program Files/Unity/Hub/Editor/2021.3.7f1/Editor/Data/Resources/UnitySubsystems
[Subsystems] Discovering subsystems at path C:/UnityDevelopment/Hands/Assets
GfxDevice: creating device client; threaded=0; jobified=0
Direct3D:
    Version:  Direct3D 11.0 [level 11.1]
    Renderer: NVIDIA GeForce RTX 3070 Laptop GPU (ID=0x24dd)
    Vendor:   NVIDIA
    VRAM:     8033 MB
    Driver:   31.0.15.2737
Initialize mono
Mono path[0] = 'C:/Program Files/Unity/Hub/Editor/2021.3.7f1/Editor/Data/Managed'
Mono path[1] = 'C:/Program Files/Unity/Hub/Editor/2021.3.7f1/Editor/Data/MonoBleedingEdge/lib/mono/unityjit-win32'
Mono config path = 'C:/Program Files/Unity/Hub/Editor/2021.3.7f1/Editor/Data/MonoBleedingEdge/etc'
Using monoOptions --debugger-agent=transport=dt_socket,embedding=1,server=y,suspend=n,address=127.0.0.1:56020
Begin MonoManager ReloadAssembly
Registering precompiled unity dll's ...
Register platform support module: C:/Program Files/Unity/Hub/Editor/2021.3.7f1/Editor/Data/PlaybackEngines/WebGLSupport/UnityEditor.WebGL.Extensions.dll
Register platform support module: C:/Program Files/Unity/Hub/Editor/2021.3.7f1/Editor/Data/PlaybackEngines/AndroidPlayer/UnityEditor.Android.Extensions.dll
Register platform support module: C:/Program Files/Unity/Hub/Editor/2021.3.7f1/Editor/Data/PlaybackEngines/WindowsStandaloneSupport/UnityEditor.WindowsStandalone.Extensions.dll
Registered in 0.006902 seconds.
Native extension for WindowsStandalone target not found
Native extension for Android target not found
Native extension for WebGL target not found
Refreshing native plugins compatible for Editor in 153.08 ms, found 12 plugins.
Preloading 1 native plugins for Editor in 0.18 ms.
Mono: successfully reloaded assembly
- Completed reload, in  0.750 seconds
Domain Reload Profiling:
	ReloadAssembly (751ms)
		BeginReloadAssembly (75ms)
			ExecutionOrderSort (0ms)
			DisableScriptedObjects (0ms)
			BackupInstance (0ms)
			ReleaseScriptingObjects (0ms)
			CreateAndSetChildDomain (1ms)
		EndReloadAssembly (564ms)
			LoadAssemblies (72ms)
			RebuildTransferFunctionScriptingTraits (0ms)
			SetupTypeCache (109ms)
			ReleaseScriptCaches (0ms)
			RebuildScriptCaches (27ms)
			SetupLoadedEditorAssemblies (374ms)
				LogAssemblyErrors (0ms)
				InitializePlatformSupportModulesInManaged (60ms)
				SetLoadedEditorAssemblies (0ms)
				RefreshPlugins (153ms)
				BeforeProcessingInitializeOnLoad (1ms)
				ProcessInitializeOnLoadAttributes (106ms)
				ProcessInitializeOnLoadMethodAttributes (52ms)
				AfterProcessingInitializeOnLoad (0ms)
				EditorAssembliesLoaded (0ms)
			ExecutionOrderSort2 (0ms)
			AwakeInstancesAfterBackupRestoration (0ms)
Platform modules already initialized, skipping
Registering precompiled user dll's ...
Registered in 0.009510 seconds.
Android Extension - Scanning For ADB Devices 714 ms
Begin MonoManager ReloadAssembly
Symbol file LoadedFromMemory doesn't match image C:\UnityDevelopment\Hands\Library\PackageCache\com.unity.visualscripting@1.7.8\Editor\VisualScripting.Core\Dependencies\DotNetZip\Unity.VisualScripting.IonicZip.dll
Symbol file LoadedFromMemory doesn't match image C:\UnityDevelopment\Hands\Library\PackageCache\com.unity.visualscripting@1.7.8\Editor\VisualScripting.Core\Dependencies\YamlDotNet\Unity.VisualScripting.YamlDotNet.dll
Native extension for WindowsStandalone target not found
Native extension for Android target not found
Native extension for WebGL target not found
Refreshing native plugins compatible for Editor in 152.67 ms, found 12 plugins.
Preloading 1 native plugins for Editor in 0.10 ms.
Package Manager log level set to [2]
System.Reflection.TargetInvocationException: Exception has been thrown by the target of an invocation. ---> System.NullReferenceException: Object reference not set to an instance of an object
  at Unity.XR.Oculus.OculusLoader.AssetPathToAbsolutePath (System.String assetPath) [0x0003d] in C:\UnityDevelopment\Hands\Library\PackageCache\com.unity.xr.oculus@3.0.2\Runtime\OculusLoader.cs:271 
  at Unity.XR.Oculus.OculusLoader.EditorLoadOVRPlugin () [0x0007b] in C:\UnityDevelopment\Hands\Library\PackageCache\com.unity.xr.oculus@3.0.2\Runtime\OculusLoader.cs:256 
  at (wrapper managed-to-native) System.Reflection.RuntimeMethodInfo.InternalInvoke(System.Reflection.RuntimeMethodInfo,object,object[],System.Exception&)
  at System.Reflection.RuntimeMethodInfo.Invoke (System.Object obj, System.Reflection.BindingFlags invokeAttr, System.Reflection.Binder binder, System.Object[] parameters, System.Globalization.CultureInfo culture) [0x0006a] in <c2a97e0383e8404c9fc0ae19d58f57f1>:0 
   --- End of inner exception stack trace ---
  at System.Reflection.RuntimeMethodInfo.Invoke (System.Object obj, System.Reflection.BindingFlags invokeAttr, System.Reflection.Binder binder, System.Object[] parameters, System.Globalization.CultureInfo culture) [0x00083] in <c2a97e0383e8404c9fc0ae19d58f57f1>:0 
  at System.Reflection.MethodBase.Invoke (System.Object obj, System.Object[] parameters) [0x00000] in <c2a97e0383e8404c9fc0ae19d58f57f1>:0 
  at UnityEditor.EditorAssemblies.ProcessInitializeOnLoadMethodAttributes () [0x000a5] in <33518779906b403ba9f96eccba6a861b>:0 
UnityEngine.StackTraceUtility:ExtractStackTrace ()
UnityEngine.DebugLogHandler:LogFormat (UnityEngine.LogType,UnityEngine.Object,string,object[])
UnityEngine.Logger:Log (UnityEngine.LogType,object)
UnityEngine.Debug:LogError (object)
UnityEditor.EditorAssemblies:ProcessInitializeOnLoadMethodAttributes ()

Mono: successfully reloaded assembly
- Completed reload, in  1.720 seconds
Domain Reload Profiling:
	ReloadAssembly (1721ms)
		BeginReloadAssembly (115ms)
			ExecutionOrderSort (0ms)
			DisableScriptedObjects (6ms)
			BackupInstance (0ms)
			ReleaseScriptingObjects (0ms)
			CreateAndSetChildDomain (25ms)
		EndReloadAssembly (1485ms)
			LoadAssemblies (99ms)
			RebuildTransferFunctionScriptingTraits (0ms)
			SetupTypeCache (349ms)
			ReleaseScriptCaches (2ms)
			RebuildScriptCaches (127ms)
			SetupLoadedEditorAssemblies (837ms)
				LogAssemblyErrors (0ms)
				InitializePlatformSupportModulesInManaged (14ms)
				SetLoadedEditorAssemblies (0ms)
				RefreshPlugins (153ms)
				BeforeProcessingInitializeOnLoad (142ms)
				ProcessInitializeOnLoadAttributes (415ms)
				ProcessInitializeOnLoadMethodAttributes (106ms)
				AfterProcessingInitializeOnLoad (6ms)
				EditorAssembliesLoaded (0ms)
			ExecutionOrderSort2 (0ms)
			AwakeInstancesAfterBackupRestoration (7ms)
Platform modules already initialized, skipping
========================================================================
Worker process is ready to serve import requests
Launched and connected shader compiler UnityShaderCompiler.exe after 0.05 seconds
Refreshing native plugins compatible for Editor in 2.97 ms, found 12 plugins.
Preloading 1 native plugins for Editor in 0.14 ms.
Unloading 6951 Unused Serialized files (Serialized files now loaded: 0)
Unloading 63 unused Assets / (1.5 MB). Loaded Objects now: 7422.
Memory consumption went from 296.8 MB to 295.3 MB.
Total: 6.271000 ms (FindLiveObjects: 0.625900 ms CreateObjectMapping: 0.634800 ms MarkObjects: 4.447600 ms  DeleteObjects: 0.561700 ms)

AssetImportParameters requested are different than current active one (requested -> active):
  custom:video-decoder-ogg-theora: a1e56fd34408186e4bbccfd4996cb3dc -> 
  custom:container-muxer-webm: aa71ff27fc2769a1b78a27578f13a17b -> 
  custom:container-demuxer-webm: 4f35f7cbe854078d1ac9338744f61a02 -> 
  custom:video-encoder-webm-vp8: eb34c28f22e8b96e1ab97ce403110664 -> 
  custom:audio-encoder-webm-vorbis: bf7c407c2cedff20999df2af8eb42d56 -> 
  custom:framework-win-MediaFoundation: 216162199b28c13a410421893ffa2e32 -> 
  custom:container-demuxer-ogg: 62fdf1f143b41e24485cea50d1cbac27 -> 
  custom:video-decoder-webm-vp8: 9c59270c3fd7afecdb556c50c9e8de78 -> 
  custom:audio-decoder-ogg-vorbis: bf7c407c2cedff20999df2af8eb42d56 -> 
========================================================================
Received Import Request.
  Time since last request: 129111.708819 seconds.
  path: Assets/Prefabs/Spells/DarkElectric/Graphs/graph_vfxDarkElectricBeam.vfx
  artifactKey: Guid(7d83782c6c9cb1f42aa0302a6ee95927) Importer(815301076,1909f56bfc062723c751e8b465ee728b)
Start importing Assets/Prefabs/Spells/DarkElectric/Graphs/graph_vfxDarkElectricBeam.vfx using Guid(7d83782c6c9cb1f42aa0302a6ee95927) Importer(815301076,1909f56bfc062723c751e8b465ee728b)  -> (artifact id: '00b9bb191750bbd6b63e9f4bf8a3ff5f') in 0.297647 seconds 
========================================================================
Received Import Request.
  Time since last request: 88.277445 seconds.
  path: Assets/Prefabs/Spells/DarkElectric/Graphs/graph_vfxDarkElectricBeam.vfx
  artifactKey: Guid(7d83782c6c9cb1f42aa0302a6ee95927) Importer(815301076,1909f56bfc062723c751e8b465ee728b)
Start importing Assets/Prefabs/Spells/DarkElectric/Graphs/graph_vfxDarkElectricBeam.vfx using Guid(7d83782c6c9cb1f42aa0302a6ee95927) Importer(815301076,1909f56bfc062723c751e8b465ee728b)  -> (artifact id: '101144fd739678dfa85adcec927a15ff') in 0.018684 seconds 
========================================================================
Received Import Request.
  Time since last request: 2.172928 seconds.
  path: Assets/Prefabs/Spells/DarkElectric/Graphs/graph_vfxDarkElectricBeam.vfx
  artifactKey: Guid(7d83782c6c9cb1f42aa0302a6ee95927) Importer(815301076,1909f56bfc062723c751e8b465ee728b)
Start importing Assets/Prefabs/Spells/DarkElectric/Graphs/graph_vfxDarkElectricBeam.vfx using Guid(7d83782c6c9cb1f42aa0302a6ee95927) Importer(815301076,1909f56bfc062723c751e8b465ee728b)  -> (artifact id: '2e8610880821acc8057e3f3d25d0ca68') in 0.019856 seconds 
========================================================================
Received Import Request.
  Time since last request: 21.969355 seconds.
  path: Assets/Prefabs/Spells/DarkElectric/Graphs/graph_vfxDarkElectricBeam.vfx
  artifactKey: Guid(7d83782c6c9cb1f42aa0302a6ee95927) Importer(815301076,1909f56bfc062723c751e8b465ee728b)
Start importing Assets/Prefabs/Spells/DarkElectric/Graphs/graph_vfxDarkElectricBeam.vfx using Guid(7d83782c6c9cb1f42aa0302a6ee95927) Importer(815301076,1909f56bfc062723c751e8b465ee728b)  -> (artifact id: 'b88e274ef90aa31f3bcdc777fca9e581') in 0.020643 seconds 
========================================================================
Received Import Request.
  Time since last request: 72.518455 seconds.
  path: Assets/Prefabs/Spells/DarkElectric/Graphs/graph_vfxDarkElectricBeam.vfx
  artifactKey: Guid(7d83782c6c9cb1f42aa0302a6ee95927) Importer(815301076,1909f56bfc062723c751e8b465ee728b)
Start importing Assets/Prefabs/Spells/DarkElectric/Graphs/graph_vfxDarkElectricBeam.vfx using Guid(7d83782c6c9cb1f42aa0302a6ee95927) Importer(815301076,1909f56bfc062723c751e8b465ee728b)  -> (artifact id: 'dcfa58926b59c28dc2db9072c13a1e0d') in 0.020638 seconds 
========================================================================
Received Import Request.
  Time since last request: 0.994954 seconds.
  path: Assets/Prefabs/Spells/DarkElectric/Graphs/graph_vfxDarkElectricBeam.vfx
  artifactKey: Guid(7d83782c6c9cb1f42aa0302a6ee95927) Importer(815301076,1909f56bfc062723c751e8b465ee728b)
Start importing Assets/Prefabs/Spells/DarkElectric/Graphs/graph_vfxDarkElectricBeam.vfx using Guid(7d83782c6c9cb1f42aa0302a6ee95927) Importer(815301076,1909f56bfc062723c751e8b465ee728b)  -> (artifact id: 'e95ea6c7897cb1d892eed060c7bd4bd3') in 0.017715 seconds 
========================================================================
Received Import Request.
  Time since last request: 3.476681 seconds.
  path: Assets/Prefabs/Spells/DarkElectric/Graphs/graph_vfxDarkElectricBeam.vfx
  artifactKey: Guid(7d83782c6c9cb1f42aa0302a6ee95927) Importer(815301076,1909f56bfc062723c751e8b465ee728b)
Start importing Assets/Prefabs/Spells/DarkElectric/Graphs/graph_vfxDarkElectricBeam.vfx using Guid(7d83782c6c9cb1f42aa0302a6ee95927) Importer(815301076,1909f56bfc062723c751e8b465ee728b)  -> (artifact id: '124aa4506c685cd5d2dc77d2ddc425aa') in 0.019220 seconds 
========================================================================
Received Import Request.
  Time since last request: 12.848781 seconds.
  path: Assets/Prefabs/Spells/DarkElectric/Graphs/graph_vfxDarkElectricBeam.vfx
  artifactKey: Guid(7d83782c6c9cb1f42aa0302a6ee95927) Importer(815301076,1909f56bfc062723c751e8b465ee728b)
Start importing Assets/Prefabs/Spells/DarkElectric/Graphs/graph_vfxDarkElectricBeam.vfx using Guid(7d83782c6c9cb1f42aa0302a6ee95927) Importer(815301076,1909f56bfc062723c751e8b465ee728b)  -> (artifact id: '2b21d8bb0a70f8aa2d2d8ae14b943ae0') in 0.020035 seconds 
========================================================================
Received Import Request.
  Time since last request: 50.331448 seconds.
  path: Assets/Prefabs/Spells/DarkElectric/Graphs/graph_vfxDarkElectricBeam.vfx
  artifactKey: Guid(7d83782c6c9cb1f42aa0302a6ee95927) Importer(815301076,1909f56bfc062723c751e8b465ee728b)
Start importing Assets/Prefabs/Spells/DarkElectric/Graphs/graph_vfxDarkElectricBeam.vfx using Guid(7d83782c6c9cb1f42aa0302a6ee95927) Importer(815301076,1909f56bfc062723c751e8b465ee728b)  -> (artifact id: '8f6ca7fe248da45f000536fd9fb5369b') in 0.022826 seconds 
========================================================================
Received Import Request.
  Time since last request: 2.322424 seconds.
  path: Assets/Prefabs/Spells/DarkElectric/Graphs/graph_vfxDarkElectricBeam.vfx
  artifactKey: Guid(7d83782c6c9cb1f42aa0302a6ee95927) Importer(815301076,1909f56bfc062723c751e8b465ee728b)
Start importing Assets/Prefabs/Spells/DarkElectric/Graphs/graph_vfxDarkElectricBeam.vfx using Guid(7d83782c6c9cb1f42aa0302a6ee95927) Importer(815301076,1909f56bfc062723c751e8b465ee728b)  -> (artifact id: '8dd358f2a6c62627036c8d2849fb329c') in 0.020530 seconds 
========================================================================
Received Import Request.
  Time since last request: 34.531412 seconds.
  path: Assets/Prefabs/Spells/DarkElectric/Graphs/graph_vfxDarkElectricBeam.vfx
  artifactKey: Guid(7d83782c6c9cb1f42aa0302a6ee95927) Importer(815301076,1909f56bfc062723c751e8b465ee728b)
Start importing Assets/Prefabs/Spells/DarkElectric/Graphs/graph_vfxDarkElectricBeam.vfx using Guid(7d83782c6c9cb1f42aa0302a6ee95927) Importer(815301076,1909f56bfc062723c751e8b465ee728b)  -> (artifact id: '0f13a4200167004479015c339098c1ba') in 0.019557 seconds 
========================================================================
Received Import Request.
  Time since last request: 185.751421 seconds.
  path: Assets/Prefabs/Spells/DarkElectric/Graphs/graph_vfxDarkElectricBeam.vfx
  artifactKey: Guid(7d83782c6c9cb1f42aa0302a6ee95927) Importer(815301076,1909f56bfc062723c751e8b465ee728b)
Start importing Assets/Prefabs/Spells/DarkElectric/Graphs/graph_vfxDarkElectricBeam.vfx using Guid(7d83782c6c9cb1f42aa0302a6ee95927) Importer(815301076,1909f56bfc062723c751e8b465ee728b)  -> (artifact id: '2efd128a65752f9954d62ba47044736e') in 0.023930 seconds 
========================================================================
Received Import Request.
  Time since last request: 1.032951 seconds.
  path: Assets/Prefabs/Spells/DarkElectric/Graphs/graph_vfxDarkElectricBeam.vfx
  artifactKey: Guid(7d83782c6c9cb1f42aa0302a6ee95927) Importer(815301076,1909f56bfc062723c751e8b465ee728b)
Start importing Assets/Prefabs/Spells/DarkElectric/Graphs/graph_vfxDarkElectricBeam.vfx using Guid(7d83782c6c9cb1f42aa0302a6ee95927) Importer(815301076,1909f56bfc062723c751e8b465ee728b)  -> (artifact id: '3d0b312e6cf42db6ad123e8b539f64e4') in 0.018466 seconds 
========================================================================
Received Import Request.
  Time since last request: 1.740468 seconds.
  path: Assets/Prefabs/Spells/DarkElectric/Graphs/graph_vfxDarkElectricBeam.vfx
  artifactKey: Guid(7d83782c6c9cb1f42aa0302a6ee95927) Importer(815301076,1909f56bfc062723c751e8b465ee728b)
Start importing Assets/Prefabs/Spells/DarkElectric/Graphs/graph_vfxDarkElectricBeam.vfx using Guid(7d83782c6c9cb1f42aa0302a6ee95927) Importer(815301076,1909f56bfc062723c751e8b465ee728b)  -> (artifact id: 'c7358bf862cd553763b195f81d26bb88') in 0.018461 seconds 
========================================================================
Received Import Request.
  Time since last request: 8.144761 seconds.
  path: Assets/Prefabs/Spells/DarkElectric/Graphs/graph_vfxDarkElectricBeam.vfx
  artifactKey: Guid(7d83782c6c9cb1f42aa0302a6ee95927) Importer(815301076,1909f56bfc062723c751e8b465ee728b)
Start importing Assets/Prefabs/Spells/DarkElectric/Graphs/graph_vfxDarkElectricBeam.vfx using Guid(7d83782c6c9cb1f42aa0302a6ee95927) Importer(815301076,1909f56bfc062723c751e8b465ee728b)  -> (artifact id: '342c1b12c38f93a31c9f99b9ccdf30e7') in 0.021103 seconds 
========================================================================
Received Import Request.
  Time since last request: 29.931297 seconds.
  path: Assets/Prefabs/Spells/DarkElectric/Graphs/graph_vfxDarkElectricBeam.vfx
  artifactKey: Guid(7d83782c6c9cb1f42aa0302a6ee95927) Importer(815301076,1909f56bfc062723c751e8b465ee728b)
Start importing Assets/Prefabs/Spells/DarkElectric/Graphs/graph_vfxDarkElectricBeam.vfx using Guid(7d83782c6c9cb1f42aa0302a6ee95927) Importer(815301076,1909f56bfc062723c751e8b465ee728b)  -> (artifact id: 'b2cab8df8b735981703f32b253d38259') in 0.041559 seconds 
========================================================================
Received Import Request.
  Time since last request: 16.158369 seconds.
  path: Assets/Prefabs/Spells/DarkElectric/Graphs/graph_vfxDarkElectricBeam.vfx
  artifactKey: Guid(7d83782c6c9cb1f42aa0302a6ee95927) Importer(815301076,1909f56bfc062723c751e8b465ee728b)
Start importing Assets/Prefabs/Spells/DarkElectric/Graphs/graph_vfxDarkElectricBeam.vfx using Guid(7d83782c6c9cb1f42aa0302a6ee95927) Importer(815301076,1909f56bfc062723c751e8b465ee728b)  -> (artifact id: '50268767fe3ca4aa3f121525101bfb99') in 0.037362 seconds 
========================================================================
Received Import Request.
  Time since last request: 4.586351 seconds.
  path: Assets/Prefabs/Spells/DarkElectric/Graphs/graph_vfxDarkElectricBeam.vfx
  artifactKey: Guid(7d83782c6c9cb1f42aa0302a6ee95927) Importer(815301076,1909f56bfc062723c751e8b465ee728b)
Start importing Assets/Prefabs/Spells/DarkElectric/Graphs/graph_vfxDarkElectricBeam.vfx using Guid(7d83782c6c9cb1f42aa0302a6ee95927) Importer(815301076,1909f56bfc062723c751e8b465ee728b)  -> (artifact id: '2cdc9ef72f6c5e9d9e956d79aab15acf') in 0.039324 seconds 
========================================================================
Received Import Request.
  Time since last request: 0.715347 seconds.
  path: Assets/Prefabs/Spells/DarkElectric/Graphs/graph_vfxDarkElectricBeam.vfx
  artifactKey: Guid(7d83782c6c9cb1f42aa0302a6ee95927) Importer(815301076,1909f56bfc062723c751e8b465ee728b)
Start importing Assets/Prefabs/Spells/DarkElectric/Graphs/graph_vfxDarkElectricBeam.vfx using Guid(7d83782c6c9cb1f42aa0302a6ee95927) Importer(815301076,1909f56bfc062723c751e8b465ee728b)  -> (artifact id: '6ab7ccbad1cbbc78bdafa3edef4b6e17') in 0.035257 seconds 
========================================================================
Received Import Request.
  Time since last request: 2.358085 seconds.
  path: Assets/Prefabs/Spells/DarkElectric/Graphs/graph_vfxDarkElectricBeam.vfx
  artifactKey: Guid(7d83782c6c9cb1f42aa0302a6ee95927) Importer(815301076,1909f56bfc062723c751e8b465ee728b)
Start importing Assets/Prefabs/Spells/DarkElectric/Graphs/graph_vfxDarkElectricBeam.vfx using Guid(7d83782c6c9cb1f42aa0302a6ee95927) Importer(815301076,1909f56bfc062723c751e8b465ee728b)  -> (artifact id: '838b2107735372b08ffebad17ffeb515') in 0.039661 seconds 
========================================================================
Received Import Request.
  Time since last request: 25.466629 seconds.
  path: Assets/Prefabs/Spells/DarkElectric/Graphs/graph_vfxDarkElectricBeam.vfx
  artifactKey: Guid(7d83782c6c9cb1f42aa0302a6ee95927) Importer(815301076,1909f56bfc062723c751e8b465ee728b)
Start importing Assets/Prefabs/Spells/DarkElectric/Graphs/graph_vfxDarkElectricBeam.vfx using Guid(7d83782c6c9cb1f42aa0302a6ee95927) Importer(815301076,1909f56bfc062723c751e8b465ee728b)  -> (artifact id: 'cc410a435750dd92021183340938fe3c') in 0.043102 seconds 
========================================================================
Received Import Request.
  Time since last request: 35.687671 seconds.
  path: Assets/Prefabs/Spells/DarkElectric/Graphs/graph_vfxDarkElectricBeam.vfx
  artifactKey: Guid(7d83782c6c9cb1f42aa0302a6ee95927) Importer(815301076,1909f56bfc062723c751e8b465ee728b)
Start importing Assets/Prefabs/Spells/DarkElectric/Graphs/graph_vfxDarkElectricBeam.vfx using Guid(7d83782c6c9cb1f42aa0302a6ee95927) Importer(815301076,1909f56bfc062723c751e8b465ee728b)  -> (artifact id: 'd939245050b58a66090df53e3019a2b2') in 0.047696 seconds 
========================================================================
Received Prepare
Registering precompiled user dll's ...
Registered in 0.009942 seconds.
Begin MonoManager ReloadAssembly
Symbol file LoadedFromMemory doesn't match image C:\UnityDevelopment\Hands\Library\PackageCache\com.unity.visualscripting@1.7.8\Editor\VisualScripting.Core\Dependencies\DotNetZip\Unity.VisualScripting.IonicZip.dll
Symbol file LoadedFromMemory doesn't match image C:\UnityDevelopment\Hands\Library\PackageCache\com.unity.visualscripting@1.7.8\Editor\VisualScripting.Core\Dependencies\YamlDotNet\Unity.VisualScripting.YamlDotNet.dll
Native extension for WindowsStandalone target not found
Native extension for Android target not found
Native extension for WebGL target not found
Refreshing native plugins compatible for Editor in 1.70 ms, found 12 plugins.
Preloading 1 native plugins for Editor in 0.10 ms.
System.Reflection.TargetInvocationException: Exception has been thrown by the target of an invocation. ---> System.NullReferenceException: Object reference not set to an instance of an object
  at Unity.XR.Oculus.OculusLoader.AssetPathToAbsolutePath (System.String assetPath) [0x0003d] in C:\UnityDevelopment\Hands\Library\PackageCache\com.unity.xr.oculus@3.0.2\Runtime\OculusLoader.cs:271 
  at Unity.XR.Oculus.OculusLoader.EditorLoadOVRPlugin () [0x0007b] in C:\UnityDevelopment\Hands\Library\PackageCache\com.unity.xr.oculus@3.0.2\Runtime\OculusLoader.cs:256 
  at (wrapper managed-to-native) System.Reflection.RuntimeMethodInfo.InternalInvoke(System.Reflection.RuntimeMethodInfo,object,object[],System.Exception&)
  at System.Reflection.RuntimeMethodInfo.Invoke (System.Object obj, System.Reflection.BindingFlags invokeAttr, System.Reflection.Binder binder, System.Object[] parameters, System.Globalization.CultureInfo culture) [0x0006a] in <c2a97e0383e8404c9fc0ae19d58f57f1>:0 
   --- End of inner exception stack trace ---
  at System.Reflection.RuntimeMethodInfo.Invoke (System.Object obj, System.Reflection.BindingFlags invokeAttr, System.Reflection.Binder binder, System.Object[] parameters, System.Globalization.CultureInfo culture) [0x00083] in <c2a97e0383e8404c9fc0ae19d58f57f1>:0 
  at System.Reflection.MethodBase.Invoke (System.Object obj, System.Object[] parameters) [0x00000] in <c2a97e0383e8404c9fc0ae19d58f57f1>:0 
  at UnityEditor.EditorAssemblies.ProcessInitializeOnLoadMethodAttributes () [0x000a5] in <33518779906b403ba9f96eccba6a861b>:0 
UnityEngine.StackTraceUtility:ExtractStackTrace ()
UnityEngine.DebugLogHandler:LogFormat (UnityEngine.LogType,UnityEngine.Object,string,object[])
UnityEngine.Logger:Log (UnityEngine.LogType,object)
UnityEngine.Debug:LogError (object)
UnityEditor.EditorAssemblies:ProcessInitializeOnLoadMethodAttributes ()

Mono: successfully reloaded assembly
- Completed reload, in  1.412 seconds
Domain Reload Profiling:
	ReloadAssembly (1413ms)
		BeginReloadAssembly (170ms)
			ExecutionOrderSort (0ms)
			DisableScriptedObjects (7ms)
			BackupInstance (0ms)
			ReleaseScriptingObjects (0ms)
			CreateAndSetChildDomain (62ms)
		EndReloadAssembly (1131ms)
			LoadAssemblies (99ms)
			RebuildTransferFunctionScriptingTraits (0ms)
			SetupTypeCache (309ms)
			ReleaseScriptCaches (3ms)
			RebuildScriptCaches (71ms)
			SetupLoadedEditorAssemblies (564ms)
				LogAssemblyErrors (0ms)
				InitializePlatformSupportModulesInManaged (22ms)
				SetLoadedEditorAssemblies (0ms)
				RefreshPlugins (2ms)
				BeforeProcessingInitializeOnLoad (91ms)
				ProcessInitializeOnLoadAttributes (348ms)
				ProcessInitializeOnLoadMethodAttributes (96ms)
				AfterProcessingInitializeOnLoad (5ms)
				EditorAssembliesLoaded (0ms)
			ExecutionOrderSort2 (0ms)
			AwakeInstancesAfterBackupRestoration (24ms)
Platform modules already initialized, skipping
Refreshing native plugins compatible for Editor in 7.92 ms, found 12 plugins.
Preloading 1 native plugins for Editor in 0.07 ms.
Unloading 6772 Unused Serialized files (Serialized files now loaded: 0)
Unloading 53 unused Assets / (1.5 MB). Loaded Objects now: 7518.
Memory consumption went from 291.7 MB to 290.2 MB.
Total: 5.955600 ms (FindLiveObjects: 0.544300 ms CreateObjectMapping: 0.562900 ms MarkObjects: 4.163400 ms  DeleteObjects: 0.683900 ms)

AssetImportParameters requested are different than current active one (requested -> active):
  custom:video-decoder-ogg-theora: a1e56fd34408186e4bbccfd4996cb3dc -> 
  custom:container-muxer-webm: aa71ff27fc2769a1b78a27578f13a17b -> 
  custom:container-demuxer-webm: 4f35f7cbe854078d1ac9338744f61a02 -> 
  custom:video-encoder-webm-vp8: eb34c28f22e8b96e1ab97ce403110664 -> 
  custom:audio-encoder-webm-vorbis: bf7c407c2cedff20999df2af8eb42d56 -> 
  custom:framework-win-MediaFoundation: 216162199b28c13a410421893ffa2e32 -> 
  custom:container-demuxer-ogg: 62fdf1f143b41e24485cea50d1cbac27 -> 
  custom:video-decoder-webm-vp8: 9c59270c3fd7afecdb556c50c9e8de78 -> 
  custom:audio-decoder-ogg-vorbis: bf7c407c2cedff20999df2af8eb42d56 -> 
========================================================================
Received Import Request.
  Time since last request: 50.467810 seconds.
  path: Assets/Prefabs/Spells/DarkElectric/Graphs/graph_vfxDarkElectricBeam.vfx
  artifactKey: Guid(7d83782c6c9cb1f42aa0302a6ee95927) Importer(815301076,1909f56bfc062723c751e8b465ee728b)
Start importing Assets/Prefabs/Spells/DarkElectric/Graphs/graph_vfxDarkElectricBeam.vfx using Guid(7d83782c6c9cb1f42aa0302a6ee95927) Importer(815301076,1909f56bfc062723c751e8b465ee728b)  -> (artifact id: '1086cc23d137b4212161874bc66d4b89') in 0.236541 seconds 
========================================================================
Received Import Request.
  Time since last request: 7.465128 seconds.
  path: Assets/Prefabs/Spells/DarkElectric/Graphs/graph_vfxDarkElectricBeam.vfx
  artifactKey: Guid(7d83782c6c9cb1f42aa0302a6ee95927) Importer(815301076,1909f56bfc062723c751e8b465ee728b)
Start importing Assets/Prefabs/Spells/DarkElectric/Graphs/graph_vfxDarkElectricBeam.vfx using Guid(7d83782c6c9cb1f42aa0302a6ee95927) Importer(815301076,1909f56bfc062723c751e8b465ee728b)  -> (artifact id: '58e7e689d23c6bb3ffc85a598cee0b0a') in 0.035018 seconds 
========================================================================
Received Import Request.
  Time since last request: 1.621368 seconds.
  path: Assets/Prefabs/Spells/DarkElectric/Graphs/graph_vfxDarkElectricBeam.vfx
  artifactKey: Guid(7d83782c6c9cb1f42aa0302a6ee95927) Importer(815301076,1909f56bfc062723c751e8b465ee728b)
Start importing Assets/Prefabs/Spells/DarkElectric/Graphs/graph_vfxDarkElectricBeam.vfx using Guid(7d83782c6c9cb1f42aa0302a6ee95927) Importer(815301076,1909f56bfc062723c751e8b465ee728b)  -> (artifact id: 'e549c7e84d0e76920ea740020a109800') in 0.031847 seconds 
========================================================================
Received Import Request.
  Time since last request: 5.362604 seconds.
  path: Assets/Prefabs/Spells/DarkElectric/Graphs/graph_vfxDarkElectricBeam.vfx
  artifactKey: Guid(7d83782c6c9cb1f42aa0302a6ee95927) Importer(815301076,1909f56bfc062723c751e8b465ee728b)
Start importing Assets/Prefabs/Spells/DarkElectric/Graphs/graph_vfxDarkElectricBeam.vfx using Guid(7d83782c6c9cb1f42aa0302a6ee95927) Importer(815301076,1909f56bfc062723c751e8b465ee728b)  -> (artifact id: '4a49ea9beebb317995372087e681daae') in 0.042128 seconds 
========================================================================
Received Prepare
Registering precompiled user dll's ...
Registered in 0.009027 seconds.
Begin MonoManager ReloadAssembly
Symbol file LoadedFromMemory doesn't match image C:\UnityDevelopment\Hands\Library\PackageCache\com.unity.visualscripting@1.7.8\Editor\VisualScripting.Core\Dependencies\DotNetZip\Unity.VisualScripting.IonicZip.dll
Symbol file LoadedFromMemory doesn't match image C:\UnityDevelopment\Hands\Library\PackageCache\com.unity.visualscripting@1.7.8\Editor\VisualScripting.Core\Dependencies\YamlDotNet\Unity.VisualScripting.YamlDotNet.dll
Native extension for WindowsStandalone target not found
Native extension for Android target not found
Native extension for WebGL target not found
Refreshing native plugins compatible for Editor in 2.91 ms, found 12 plugins.
Preloading 1 native plugins for Editor in 0.13 ms.
System.Reflection.TargetInvocationException: Exception has been thrown by the target of an invocation. ---> System.NullReferenceException: Object reference not set to an instance of an object
  at Unity.XR.Oculus.OculusLoader.AssetPathToAbsolutePath (System.String assetPath) [0x0003d] in C:\UnityDevelopment\Hands\Library\PackageCache\com.unity.xr.oculus@3.0.2\Runtime\OculusLoader.cs:271 
  at Unity.XR.Oculus.OculusLoader.EditorLoadOVRPlugin () [0x0007b] in C:\UnityDevelopment\Hands\Library\PackageCache\com.unity.xr.oculus@3.0.2\Runtime\OculusLoader.cs:256 
  at (wrapper managed-to-native) System.Reflection.RuntimeMethodInfo.InternalInvoke(System.Reflection.RuntimeMethodInfo,object,object[],System.Exception&)
  at System.Reflection.RuntimeMethodInfo.Invoke (System.Object obj, System.Reflection.BindingFlags invokeAttr, System.Reflection.Binder binder, System.Object[] parameters, System.Globalization.CultureInfo culture) [0x0006a] in <c2a97e0383e8404c9fc0ae19d58f57f1>:0 
   --- End of inner exception stack trace ---
  at System.Reflection.RuntimeMethodInfo.Invoke (System.Object obj, System.Reflection.BindingFlags invokeAttr, System.Reflection.Binder binder, System.Object[] parameters, System.Globalization.CultureInfo culture) [0x00083] in <c2a97e0383e8404c9fc0ae19d58f57f1>:0 
  at System.Reflection.MethodBase.Invoke (System.Object obj, System.Object[] parameters) [0x00000] in <c2a97e0383e8404c9fc0ae19d58f57f1>:0 
  at UnityEditor.EditorAssemblies.ProcessInitializeOnLoadMethodAttributes () [0x000a5] in <33518779906b403ba9f96eccba6a861b>:0 
UnityEngine.StackTraceUtility:ExtractStackTrace ()
UnityEngine.DebugLogHandler:LogFormat (UnityEngine.LogType,UnityEngine.Object,string,object[])
UnityEngine.Logger:Log (UnityEngine.LogType,object)
UnityEngine.Debug:LogError (object)
UnityEditor.EditorAssemblies:ProcessInitializeOnLoadMethodAttributes ()

Mono: successfully reloaded assembly
- Completed reload, in  1.366 seconds
Domain Reload Profiling:
	ReloadAssembly (1367ms)
		BeginReloadAssembly (150ms)
			ExecutionOrderSort (0ms)
			DisableScriptedObjects (7ms)
			BackupInstance (0ms)
			ReleaseScriptingObjects (0ms)
			CreateAndSetChildDomain (52ms)
		EndReloadAssembly (1126ms)
			LoadAssemblies (92ms)
			RebuildTransferFunctionScriptingTraits (0ms)
			SetupTypeCache (284ms)
			ReleaseScriptCaches (2ms)
			RebuildScriptCaches (64ms)
			SetupLoadedEditorAssemblies (585ms)
				LogAssemblyErrors (0ms)
				InitializePlatformSupportModulesInManaged (27ms)
				SetLoadedEditorAssemblies (1ms)
				RefreshPlugins (3ms)
				BeforeProcessingInitializeOnLoad (104ms)
				ProcessInitializeOnLoadAttributes (336ms)
				ProcessInitializeOnLoadMethodAttributes (109ms)
				AfterProcessingInitializeOnLoad (5ms)
				EditorAssembliesLoaded (0ms)
			ExecutionOrderSort2 (0ms)
			AwakeInstancesAfterBackupRestoration (25ms)
Platform modules already initialized, skipping
Refreshing native plugins compatible for Editor in 8.92 ms, found 12 plugins.
Preloading 1 native plugins for Editor in 0.11 ms.
Unloading 6771 Unused Serialized files (Serialized files now loaded: 0)
Unloading 53 unused Assets / (1.5 MB). Loaded Objects now: 7563.
Memory consumption went from 291.6 MB to 290.1 MB.
Total: 5.986400 ms (FindLiveObjects: 0.552000 ms CreateObjectMapping: 0.620900 ms MarkObjects: 4.158000 ms  DeleteObjects: 0.654400 ms)

AssetImportParameters requested are different than current active one (requested -> active):
  custom:video-decoder-ogg-theora: a1e56fd34408186e4bbccfd4996cb3dc -> 
  custom:container-muxer-webm: aa71ff27fc2769a1b78a27578f13a17b -> 
  custom:container-demuxer-webm: 4f35f7cbe854078d1ac9338744f61a02 -> 
  custom:video-encoder-webm-vp8: eb34c28f22e8b96e1ab97ce403110664 -> 
  custom:audio-encoder-webm-vorbis: bf7c407c2cedff20999df2af8eb42d56 -> 
  custom:framework-win-MediaFoundation: 216162199b28c13a410421893ffa2e32 -> 
  custom:container-demuxer-ogg: 62fdf1f143b41e24485cea50d1cbac27 -> 
  custom:video-decoder-webm-vp8: 9c59270c3fd7afecdb556c50c9e8de78 -> 
  custom:audio-decoder-ogg-vorbis: bf7c407c2cedff20999df2af8eb42d56 -> 
========================================================================
Received Import Request.
  Time since last request: 27.696826 seconds.
  path: Assets/Prefabs/Spells/DarkElectric/Graphs/graph_vfxDarkElectricBeam.vfx
  artifactKey: Guid(7d83782c6c9cb1f42aa0302a6ee95927) Importer(815301076,1909f56bfc062723c751e8b465ee728b)
Start importing Assets/Prefabs/Spells/DarkElectric/Graphs/graph_vfxDarkElectricBeam.vfx using Guid(7d83782c6c9cb1f42aa0302a6ee95927) Importer(815301076,1909f56bfc062723c751e8b465ee728b)  -> (artifact id: '3b8229cb1399a905371b6337d3adaaac') in 0.219860 seconds 
========================================================================
Received Import Request.
  Time since last request: 29.160875 seconds.
  path: Assets/Prefabs/Spells/DarkElectric/Graphs/graph_vfxDarkElectricBeam.vfx
  artifactKey: Guid(7d83782c6c9cb1f42aa0302a6ee95927) Importer(815301076,1909f56bfc062723c751e8b465ee728b)
Start importing Assets/Prefabs/Spells/DarkElectric/Graphs/graph_vfxDarkElectricBeam.vfx using Guid(7d83782c6c9cb1f42aa0302a6ee95927) Importer(815301076,1909f56bfc062723c751e8b465ee728b)  -> (artifact id: 'ce6aa2843c67ea4b85e5e7fd5992fd14') in 0.034074 seconds 
========================================================================
Received Prepare
Registering precompiled user dll's ...
Registered in 0.014360 seconds.
Begin MonoManager ReloadAssembly
Symbol file LoadedFromMemory doesn't match image C:\UnityDevelopment\Hands\Library\PackageCache\com.unity.visualscripting@1.7.8\Editor\VisualScripting.Core\Dependencies\DotNetZip\Unity.VisualScripting.IonicZip.dll
Symbol file LoadedFromMemory doesn't match image C:\UnityDevelopment\Hands\Library\PackageCache\com.unity.visualscripting@1.7.8\Editor\VisualScripting.Core\Dependencies\YamlDotNet\Unity.VisualScripting.YamlDotNet.dll
Native extension for WindowsStandalone target not found
Native extension for Android target not found
Native extension for WebGL target not found
Refreshing native plugins compatible for Editor in 2.00 ms, found 12 plugins.
Preloading 1 native plugins for Editor in 0.10 ms.
System.Reflection.TargetInvocationException: Exception has been thrown by the target of an invocation. ---> System.NullReferenceException: Object reference not set to an instance of an object
  at Unity.XR.Oculus.OculusLoader.AssetPathToAbsolutePath (System.String assetPath) [0x0003d] in C:\UnityDevelopment\Hands\Library\PackageCache\com.unity.xr.oculus@3.0.2\Runtime\OculusLoader.cs:271 
  at Unity.XR.Oculus.OculusLoader.EditorLoadOVRPlugin () [0x0007b] in C:\UnityDevelopment\Hands\Library\PackageCache\com.unity.xr.oculus@3.0.2\Runtime\OculusLoader.cs:256 
  at (wrapper managed-to-native) System.Reflection.RuntimeMethodInfo.InternalInvoke(System.Reflection.RuntimeMethodInfo,object,object[],System.Exception&)
  at System.Reflection.RuntimeMethodInfo.Invoke (System.Object obj, System.Reflection.BindingFlags invokeAttr, System.Reflection.Binder binder, System.Object[] parameters, System.Globalization.CultureInfo culture) [0x0006a] in <c2a97e0383e8404c9fc0ae19d58f57f1>:0 
   --- End of inner exception stack trace ---
  at System.Reflection.RuntimeMethodInfo.Invoke (System.Object obj, System.Reflection.BindingFlags invokeAttr, System.Reflection.Binder binder, System.Object[] parameters, System.Globalization.CultureInfo culture) [0x00083] in <c2a97e0383e8404c9fc0ae19d58f57f1>:0 
  at System.Reflection.MethodBase.Invoke (System.Object obj, System.Object[] parameters) [0x00000] in <c2a97e0383e8404c9fc0ae19d58f57f1>:0 
  at UnityEditor.EditorAssemblies.ProcessInitializeOnLoadMethodAttributes () [0x000a5] in <33518779906b403ba9f96eccba6a861b>:0 
UnityEngine.StackTraceUtility:ExtractStackTrace ()
UnityEngine.DebugLogHandler:LogFormat (UnityEngine.LogType,UnityEngine.Object,string,object[])
UnityEngine.Logger:Log (UnityEngine.LogType,object)
UnityEngine.Debug:LogError (object)
UnityEditor.EditorAssemblies:ProcessInitializeOnLoadMethodAttributes ()

Mono: successfully reloaded assembly
- Completed reload, in  1.389 seconds
Domain Reload Profiling:
	ReloadAssembly (1390ms)
		BeginReloadAssembly (146ms)
			ExecutionOrderSort (0ms)
			DisableScriptedObjects (6ms)
			BackupInstance (0ms)
			ReleaseScriptingObjects (0ms)
			CreateAndSetChildDomain (54ms)
		EndReloadAssembly (1137ms)
			LoadAssemblies (94ms)
			RebuildTransferFunctionScriptingTraits (0ms)
			SetupTypeCache (294ms)
			ReleaseScriptCaches (3ms)
			RebuildScriptCaches (61ms)
			SetupLoadedEditorAssemblies (574ms)
				LogAssemblyErrors (0ms)
				InitializePlatformSupportModulesInManaged (21ms)
				SetLoadedEditorAssemblies (1ms)
				RefreshPlugins (2ms)
				BeforeProcessingInitializeOnLoad (94ms)
				ProcessInitializeOnLoadAttributes (347ms)
				ProcessInitializeOnLoadMethodAttributes (102ms)
				AfterProcessingInitializeOnLoad (6ms)
				EditorAssembliesLoaded (0ms)
			ExecutionOrderSort2 (0ms)
			AwakeInstancesAfterBackupRestoration (26ms)
Platform modules already initialized, skipping
Refreshing native plugins compatible for Editor in 6.90 ms, found 12 plugins.
Preloading 1 native plugins for Editor in 0.07 ms.
Unloading 6771 Unused Serialized files (Serialized files now loaded: 0)
Unloading 53 unused Assets / (1.5 MB). Loaded Objects now: 7608.
Memory consumption went from 291.7 MB to 290.2 MB.
Total: 5.901800 ms (FindLiveObjects: 0.667200 ms CreateObjectMapping: 0.401200 ms MarkObjects: 4.102300 ms  DeleteObjects: 0.729900 ms)

AssetImportParameters requested are different than current active one (requested -> active):
  custom:video-decoder-ogg-theora: a1e56fd34408186e4bbccfd4996cb3dc -> 
  custom:container-muxer-webm: aa71ff27fc2769a1b78a27578f13a17b -> 
  custom:container-demuxer-webm: 4f35f7cbe854078d1ac9338744f61a02 -> 
  custom:video-encoder-webm-vp8: eb34c28f22e8b96e1ab97ce403110664 -> 
  custom:audio-encoder-webm-vorbis: bf7c407c2cedff20999df2af8eb42d56 -> 
  custom:framework-win-MediaFoundation: 216162199b28c13a410421893ffa2e32 -> 
  custom:container-demuxer-ogg: 62fdf1f143b41e24485cea50d1cbac27 -> 
  custom:video-decoder-webm-vp8: 9c59270c3fd7afecdb556c50c9e8de78 -> 
  custom:audio-decoder-ogg-vorbis: bf7c407c2cedff20999df2af8eb42d56 -> 
========================================================================
Received Import Request.
  Time since last request: 23.158214 seconds.
  path: Assets/Prefabs/Spells/DarkElectric/Graphs/graph_vfxDarkElectricBeam.vfx
  artifactKey: Guid(7d83782c6c9cb1f42aa0302a6ee95927) Importer(815301076,1909f56bfc062723c751e8b465ee728b)
Start importing Assets/Prefabs/Spells/DarkElectric/Graphs/graph_vfxDarkElectricBeam.vfx using Guid(7d83782c6c9cb1f42aa0302a6ee95927) Importer(815301076,1909f56bfc062723c751e8b465ee728b)  -> (artifact id: '3faa16f92d914e8675e8fad325d16eed') in 0.229918 seconds 
========================================================================
Received Import Request.
  Time since last request: 34.775406 seconds.
  path: Assets/Prefabs/Spells/DarkElectric/Graphs/graph_vfxDarkElectricBeam.vfx
  artifactKey: Guid(7d83782c6c9cb1f42aa0302a6ee95927) Importer(815301076,1909f56bfc062723c751e8b465ee728b)
Start importing Assets/Prefabs/Spells/DarkElectric/Graphs/graph_vfxDarkElectricBeam.vfx using Guid(7d83782c6c9cb1f42aa0302a6ee95927) Importer(815301076,1909f56bfc062723c751e8b465ee728b)  -> (artifact id: '0224681a6ee4eab67d6dd8b378b59c9c') in 0.042687 seconds 
========================================================================
Received Import Request.
  Time since last request: 6.751986 seconds.
  path: Assets/Prefabs/Spells/DarkElectric/Graphs/graph_vfxDarkElectricBeam.vfx
  artifactKey: Guid(7d83782c6c9cb1f42aa0302a6ee95927) Importer(815301076,1909f56bfc062723c751e8b465ee728b)
Start importing Assets/Prefabs/Spells/DarkElectric/Graphs/graph_vfxDarkElectricBeam.vfx using Guid(7d83782c6c9cb1f42aa0302a6ee95927) Importer(815301076,1909f56bfc062723c751e8b465ee728b)  -> (artifact id: '777a43fa71c7748979a52ec336476c8c') in 0.040207 seconds 
========================================================================
Received Prepare
Registering precompiled user dll's ...
Registered in 0.008412 seconds.
Begin MonoManager ReloadAssembly
Symbol file LoadedFromMemory doesn't match image C:\UnityDevelopment\Hands\Library\PackageCache\com.unity.visualscripting@1.7.8\Editor\VisualScripting.Core\Dependencies\DotNetZip\Unity.VisualScripting.IonicZip.dll
Symbol file LoadedFromMemory doesn't match image C:\UnityDevelopment\Hands\Library\PackageCache\com.unity.visualscripting@1.7.8\Editor\VisualScripting.Core\Dependencies\YamlDotNet\Unity.VisualScripting.YamlDotNet.dll
Native extension for WindowsStandalone target not found
Native extension for Android target not found
Native extension for WebGL target not found
Refreshing native plugins compatible for Editor in 1.76 ms, found 12 plugins.
Preloading 1 native plugins for Editor in 0.10 ms.
System.Reflection.TargetInvocationException: Exception has been thrown by the target of an invocation. ---> System.NullReferenceException: Object reference not set to an instance of an object
  at Unity.XR.Oculus.OculusLoader.AssetPathToAbsolutePath (System.String assetPath) [0x0003d] in C:\UnityDevelopment\Hands\Library\PackageCache\com.unity.xr.oculus@3.0.2\Runtime\OculusLoader.cs:271 
  at Unity.XR.Oculus.OculusLoader.EditorLoadOVRPlugin () [0x0007b] in C:\UnityDevelopment\Hands\Library\PackageCache\com.unity.xr.oculus@3.0.2\Runtime\OculusLoader.cs:256 
  at (wrapper managed-to-native) System.Reflection.RuntimeMethodInfo.InternalInvoke(System.Reflection.RuntimeMethodInfo,object,object[],System.Exception&)
  at System.Reflection.RuntimeMethodInfo.Invoke (System.Object obj, System.Reflection.BindingFlags invokeAttr, System.Reflection.Binder binder, System.Object[] parameters, System.Globalization.CultureInfo culture) [0x0006a] in <c2a97e0383e8404c9fc0ae19d58f57f1>:0 
   --- End of inner exception stack trace ---
  at System.Reflection.RuntimeMethodInfo.Invoke (System.Object obj, System.Reflection.BindingFlags invokeAttr, System.Reflection.Binder binder, System.Object[] parameters, System.Globalization.CultureInfo culture) [0x00083] in <c2a97e0383e8404c9fc0ae19d58f57f1>:0 
  at System.Reflection.MethodBase.Invoke (System.Object obj, System.Object[] parameters) [0x00000] in <c2a97e0383e8404c9fc0ae19d58f57f1>:0 
  at UnityEditor.EditorAssemblies.ProcessInitializeOnLoadMethodAttributes () [0x000a5] in <33518779906b403ba9f96eccba6a861b>:0 
UnityEngine.StackTraceUtility:ExtractStackTrace ()
UnityEngine.DebugLogHandler:LogFormat (UnityEngine.LogType,UnityEngine.Object,string,object[])
UnityEngine.Logger:Log (UnityEngine.LogType,object)
UnityEngine.Debug:LogError (object)
UnityEditor.EditorAssemblies:ProcessInitializeOnLoadMethodAttributes ()

Mono: successfully reloaded assembly
- Completed reload, in  1.377 seconds
Domain Reload Profiling:
	ReloadAssembly (1378ms)
		BeginReloadAssembly (162ms)
			ExecutionOrderSort (0ms)
			DisableScriptedObjects (7ms)
			BackupInstance (0ms)
			ReleaseScriptingObjects (0ms)
			CreateAndSetChildDomain (61ms)
		EndReloadAssembly (1112ms)
			LoadAssemblies (90ms)
			RebuildTransferFunctionScriptingTraits (0ms)
			SetupTypeCache (284ms)
			ReleaseScriptCaches (3ms)
			RebuildScriptCaches (67ms)
			SetupLoadedEditorAssemblies (571ms)
				LogAssemblyErrors (0ms)
				InitializePlatformSupportModulesInManaged (22ms)
				SetLoadedEditorAssemblies (0ms)
				RefreshPlugins (2ms)
				BeforeProcessingInitializeOnLoad (104ms)
				ProcessInitializeOnLoadAttributes (348ms)
				ProcessInitializeOnLoadMethodAttributes (88ms)
				AfterProcessingInitializeOnLoad (5ms)
				EditorAssembliesLoaded (0ms)
			ExecutionOrderSort2 (0ms)
			AwakeInstancesAfterBackupRestoration (25ms)
Platform modules already initialized, skipping
Refreshing native plugins compatible for Editor in 5.90 ms, found 12 plugins.
Preloading 1 native plugins for Editor in 0.08 ms.
Unloading 6771 Unused Serialized files (Serialized files now loaded: 0)
Unloading 53 unused Assets / (1.5 MB). Loaded Objects now: 7653.
Memory consumption went from 291.7 MB to 290.2 MB.
Total: 6.179200 ms (FindLiveObjects: 0.717200 ms CreateObjectMapping: 0.505600 ms MarkObjects: 4.187600 ms  DeleteObjects: 0.767100 ms)

AssetImportParameters requested are different than current active one (requested -> active):
  custom:video-decoder-ogg-theora: a1e56fd34408186e4bbccfd4996cb3dc -> 
  custom:container-muxer-webm: aa71ff27fc2769a1b78a27578f13a17b -> 
  custom:container-demuxer-webm: 4f35f7cbe854078d1ac9338744f61a02 -> 
  custom:video-encoder-webm-vp8: eb34c28f22e8b96e1ab97ce403110664 -> 
  custom:audio-encoder-webm-vorbis: bf7c407c2cedff20999df2af8eb42d56 -> 
  custom:framework-win-MediaFoundation: 216162199b28c13a410421893ffa2e32 -> 
  custom:container-demuxer-ogg: 62fdf1f143b41e24485cea50d1cbac27 -> 
  custom:video-decoder-webm-vp8: 9c59270c3fd7afecdb556c50c9e8de78 -> 
  custom:audio-decoder-ogg-vorbis: bf7c407c2cedff20999df2af8eb42d56 -> 
========================================================================
Received Import Request.
  Time since last request: 318.437427 seconds.
  path: Assets/Prefabs/Spells/Beam.prefab
  artifactKey: Guid(2b34ad84512e2014682e6d194524fd58) Importer(815301076,1909f56bfc062723c751e8b465ee728b)
Start importing Assets/Prefabs/Spells/Beam.prefab using Guid(2b34ad84512e2014682e6d194524fd58) Importer(815301076,1909f56bfc062723c751e8b465ee728b)  -> (artifact id: 'dbca70794171e6040c91ea1021377e03') in 0.047211 seconds 
========================================================================
Received Import Request.
  Time since last request: 3.446138 seconds.
  path: Assets/Prefabs/Spells/Beam.prefab
  artifactKey: Guid(2b34ad84512e2014682e6d194524fd58) Importer(815301076,1909f56bfc062723c751e8b465ee728b)
Start importing Assets/Prefabs/Spells/Beam.prefab using Guid(2b34ad84512e2014682e6d194524fd58) Importer(815301076,1909f56bfc062723c751e8b465ee728b)  -> (artifact id: '452e9febb9e873b710f91aa2ef8d8fbe') in 0.006289 seconds 
========================================================================
Received Prepare
Registering precompiled user dll's ...
Registered in 0.012042 seconds.
Begin MonoManager ReloadAssembly
Symbol file LoadedFromMemory doesn't match image C:\UnityDevelopment\Hands\Library\PackageCache\com.unity.visualscripting@1.7.8\Editor\VisualScripting.Core\Dependencies\DotNetZip\Unity.VisualScripting.IonicZip.dll
Symbol file LoadedFromMemory doesn't match image C:\UnityDevelopment\Hands\Library\PackageCache\com.unity.visualscripting@1.7.8\Editor\VisualScripting.Core\Dependencies\YamlDotNet\Unity.VisualScripting.YamlDotNet.dll
Native extension for WindowsStandalone target not found
Native extension for Android target not found
Native extension for WebGL target not found
Refreshing native plugins compatible for Editor in 1.65 ms, found 12 plugins.
Preloading 1 native plugins for Editor in 0.09 ms.
System.Reflection.TargetInvocationException: Exception has been thrown by the target of an invocation. ---> System.NullReferenceException: Object reference not set to an instance of an object
  at Unity.XR.Oculus.OculusLoader.AssetPathToAbsolutePath (System.String assetPath) [0x0003d] in C:\UnityDevelopment\Hands\Library\PackageCache\com.unity.xr.oculus@3.0.2\Runtime\OculusLoader.cs:271 
  at Unity.XR.Oculus.OculusLoader.EditorLoadOVRPlugin () [0x0007b] in C:\UnityDevelopment\Hands\Library\PackageCache\com.unity.xr.oculus@3.0.2\Runtime\OculusLoader.cs:256 
  at (wrapper managed-to-native) System.Reflection.RuntimeMethodInfo.InternalInvoke(System.Reflection.RuntimeMethodInfo,object,object[],System.Exception&)
  at System.Reflection.RuntimeMethodInfo.Invoke (System.Object obj, System.Reflection.BindingFlags invokeAttr, System.Reflection.Binder binder, System.Object[] parameters, System.Globalization.CultureInfo culture) [0x0006a] in <c2a97e0383e8404c9fc0ae19d58f57f1>:0 
   --- End of inner exception stack trace ---
  at System.Reflection.RuntimeMethodInfo.Invoke (System.Object obj, System.Reflection.BindingFlags invokeAttr, System.Reflection.Binder binder, System.Object[] parameters, System.Globalization.CultureInfo culture) [0x00083] in <c2a97e0383e8404c9fc0ae19d58f57f1>:0 
  at System.Reflection.MethodBase.Invoke (System.Object obj, System.Object[] parameters) [0x00000] in <c2a97e0383e8404c9fc0ae19d58f57f1>:0 
  at UnityEditor.EditorAssemblies.ProcessInitializeOnLoadMethodAttributes () [0x000a5] in <33518779906b403ba9f96eccba6a861b>:0 
UnityEngine.StackTraceUtility:ExtractStackTrace ()
UnityEngine.DebugLogHandler:LogFormat (UnityEngine.LogType,UnityEngine.Object,string,object[])
UnityEngine.Logger:Log (UnityEngine.LogType,object)
UnityEngine.Debug:LogError (object)
UnityEditor.EditorAssemblies:ProcessInitializeOnLoadMethodAttributes ()

Mono: successfully reloaded assembly
- Completed reload, in  1.195 seconds
Domain Reload Profiling:
	ReloadAssembly (1196ms)
		BeginReloadAssembly (127ms)
			ExecutionOrderSort (0ms)
			DisableScriptedObjects (4ms)
			BackupInstance (0ms)
			ReleaseScriptingObjects (0ms)
			CreateAndSetChildDomain (46ms)
		EndReloadAssembly (988ms)
			LoadAssemblies (80ms)
			RebuildTransferFunctionScriptingTraits (0ms)
			SetupTypeCache (250ms)
			ReleaseScriptCaches (2ms)
			RebuildScriptCaches (55ms)
			SetupLoadedEditorAssemblies (514ms)
				LogAssemblyErrors (0ms)
				InitializePlatformSupportModulesInManaged (19ms)
				SetLoadedEditorAssemblies (0ms)
				RefreshPlugins (2ms)
				BeforeProcessingInitializeOnLoad (87ms)
				ProcessInitializeOnLoadAttributes (309ms)
				ProcessInitializeOnLoadMethodAttributes (89ms)
				AfterProcessingInitializeOnLoad (7ms)
				EditorAssembliesLoaded (0ms)
			ExecutionOrderSort2 (0ms)
			AwakeInstancesAfterBackupRestoration (23ms)
Platform modules already initialized, skipping
Refreshing native plugins compatible for Editor in 6.68 ms, found 12 plugins.
Preloading 1 native plugins for Editor in 0.06 ms.
Unloading 6772 Unused Serialized files (Serialized files now loaded: 0)
Unloading 53 unused Assets / (1.5 MB). Loaded Objects now: 7657.
Memory consumption went from 291.8 MB to 290.3 MB.
Total: 5.631400 ms (FindLiveObjects: 0.543700 ms CreateObjectMapping: 0.537200 ms MarkObjects: 3.937700 ms  DeleteObjects: 0.611500 ms)

AssetImportParameters requested are different than current active one (requested -> active):
  custom:video-decoder-ogg-theora: a1e56fd34408186e4bbccfd4996cb3dc -> 
  custom:container-muxer-webm: aa71ff27fc2769a1b78a27578f13a17b -> 
  custom:container-demuxer-webm: 4f35f7cbe854078d1ac9338744f61a02 -> 
  custom:video-encoder-webm-vp8: eb34c28f22e8b96e1ab97ce403110664 -> 
  custom:audio-encoder-webm-vorbis: bf7c407c2cedff20999df2af8eb42d56 -> 
  custom:framework-win-MediaFoundation: 216162199b28c13a410421893ffa2e32 -> 
  custom:container-demuxer-ogg: 62fdf1f143b41e24485cea50d1cbac27 -> 
  custom:video-decoder-webm-vp8: 9c59270c3fd7afecdb556c50c9e8de78 -> 
  custom:audio-decoder-ogg-vorbis: bf7c407c2cedff20999df2af8eb42d56 -> 
