Using pre-set license
Built from '2021.3/staging' branch; Version is '2021.3.7f1 (24e8595d6d43) revision 2418777'; Using compiler version '192829333'; Build Type 'Release'
OS: 'Windows 11  (10.0.22000) 64bit Education' Language: 'en' Physical Memory: 16236 MB
BatchMode: 1, IsHumanControllingUs: 0, StartBugReporterOnCrash: 0, Is64bit: 1, IsPro: 1

COMMAND LINE ARGUMENTS:
C:\Program Files\Unity\Hub\Editor\2021.3.7f1\Editor\Unity.exe
-adb2
-batchMode
-noUpm
-name
AssetImportWorker3
-projectPath
C:/UnityDevelopment/Hands
-logFile
Logs/AssetImportWorker3.log
-srvPort
53341
Successfully changed project path to: C:/UnityDevelopment/Hands
C:/UnityDevelopment/Hands
[UnityMemory] Configuration Parameters - Can be set up in boot.config
    "memorysetup-bucket-allocator-granularity=16"
    "memorysetup-bucket-allocator-bucket-count=8"
    "memorysetup-bucket-allocator-block-size=33554432"
    "memorysetup-bucket-allocator-block-count=8"
    "memorysetup-main-allocator-block-size=16777216"
    "memorysetup-thread-allocator-block-size=16777216"
    "memorysetup-gfx-main-allocator-block-size=16777216"
    "memorysetup-gfx-thread-allocator-block-size=16777216"
    "memorysetup-cache-allocator-block-size=4194304"
    "memorysetup-typetree-allocator-block-size=2097152"
    "memorysetup-profiler-bucket-allocator-granularity=16"
    "memorysetup-profiler-bucket-allocator-bucket-count=8"
    "memorysetup-profiler-bucket-allocator-block-size=33554432"
    "memorysetup-profiler-bucket-allocator-block-count=8"
    "memorysetup-profiler-allocator-block-size=16777216"
    "memorysetup-profiler-editor-allocator-block-size=1048576"
    "memorysetup-temp-allocator-size-main=16777216"
    "memorysetup-job-temp-allocator-block-size=2097152"
    "memorysetup-job-temp-allocator-block-size-background=1048576"
    "memorysetup-job-temp-allocator-reduction-small-platforms=262144"
    "memorysetup-temp-allocator-size-background-worker=32768"
    "memorysetup-temp-allocator-size-job-worker=262144"
    "memorysetup-temp-allocator-size-preload-manager=33554432"
    "memorysetup-temp-allocator-size-nav-mesh-worker=65536"
    "memorysetup-temp-allocator-size-audio-worker=65536"
    "memorysetup-temp-allocator-size-cloud-worker=32768"
    "memorysetup-temp-allocator-size-gi-baking-worker=262144"
    "memorysetup-temp-allocator-size-gfx=262144"
Refreshing native plugins compatible for Editor in 177.98 ms, found 12 plugins.
Preloading 1 native plugins for Editor in 0.87 ms.
Initialize engine version: 2021.3.7f1 (24e8595d6d43)
[Subsystems] Discovering subsystems at path C:/Program Files/Unity/Hub/Editor/2021.3.7f1/Editor/Data/Resources/UnitySubsystems
[Subsystems] Discovering subsystems at path C:/UnityDevelopment/Hands/Assets
GfxDevice: creating device client; threaded=0; jobified=0
Direct3D:
    Version:  Direct3D 11.0 [level 11.1]
    Renderer: NVIDIA GeForce RTX 3070 Laptop GPU (ID=0x24dd)
    Vendor:   NVIDIA
    VRAM:     8033 MB
    Driver:   31.0.15.2737
Initialize mono
Mono path[0] = 'C:/Program Files/Unity/Hub/Editor/2021.3.7f1/Editor/Data/Managed'
Mono path[1] = 'C:/Program Files/Unity/Hub/Editor/2021.3.7f1/Editor/Data/MonoBleedingEdge/lib/mono/unityjit-win32'
Mono config path = 'C:/Program Files/Unity/Hub/Editor/2021.3.7f1/Editor/Data/MonoBleedingEdge/etc'
Using monoOptions --debugger-agent=transport=dt_socket,embedding=1,server=y,suspend=n,address=127.0.0.1:56780
Begin MonoManager ReloadAssembly
Registering precompiled unity dll's ...
Register platform support module: C:/Program Files/Unity/Hub/Editor/2021.3.7f1/Editor/Data/PlaybackEngines/WebGLSupport/UnityEditor.WebGL.Extensions.dll
Register platform support module: C:/Program Files/Unity/Hub/Editor/2021.3.7f1/Editor/Data/PlaybackEngines/AndroidPlayer/UnityEditor.Android.Extensions.dll
Register platform support module: C:/Program Files/Unity/Hub/Editor/2021.3.7f1/Editor/Data/PlaybackEngines/WindowsStandaloneSupport/UnityEditor.WindowsStandalone.Extensions.dll
Registered in 0.008448 seconds.
Native extension for WindowsStandalone target not found
Native extension for Android target not found
Native extension for WebGL target not found
Refreshing native plugins compatible for Editor in 154.10 ms, found 12 plugins.
Preloading 1 native plugins for Editor in 0.20 ms.
Mono: successfully reloaded assembly
- Completed reload, in  0.965 seconds
Domain Reload Profiling:
	ReloadAssembly (966ms)
		BeginReloadAssembly (79ms)
			ExecutionOrderSort (0ms)
			DisableScriptedObjects (0ms)
			BackupInstance (0ms)
			ReleaseScriptingObjects (0ms)
			CreateAndSetChildDomain (1ms)
		EndReloadAssembly (758ms)
			LoadAssemblies (78ms)
			RebuildTransferFunctionScriptingTraits (0ms)
			SetupTypeCache (129ms)
			ReleaseScriptCaches (0ms)
			RebuildScriptCaches (53ms)
			SetupLoadedEditorAssemblies (513ms)
				LogAssemblyErrors (0ms)
				InitializePlatformSupportModulesInManaged (82ms)
				SetLoadedEditorAssemblies (0ms)
				RefreshPlugins (154ms)
				BeforeProcessingInitializeOnLoad (1ms)
				ProcessInitializeOnLoadAttributes (192ms)
				ProcessInitializeOnLoadMethodAttributes (83ms)
				AfterProcessingInitializeOnLoad (0ms)
				EditorAssembliesLoaded (0ms)
			ExecutionOrderSort2 (0ms)
			AwakeInstancesAfterBackupRestoration (0ms)
Platform modules already initialized, skipping
Registering precompiled user dll's ...
Registered in 0.010098 seconds.
Android Extension - Scanning For ADB Devices 727 ms
Begin MonoManager ReloadAssembly
Symbol file LoadedFromMemory doesn't match image C:\UnityDevelopment\Hands\Library\PackageCache\com.unity.visualscripting@1.7.8\Editor\VisualScripting.Core\Dependencies\DotNetZip\Unity.VisualScripting.IonicZip.dll
Symbol file LoadedFromMemory doesn't match image C:\UnityDevelopment\Hands\Library\PackageCache\com.unity.visualscripting@1.7.8\Editor\VisualScripting.Core\Dependencies\YamlDotNet\Unity.VisualScripting.YamlDotNet.dll
Native extension for WindowsStandalone target not found
Native extension for Android target not found
Native extension for WebGL target not found
Refreshing native plugins compatible for Editor in 148.60 ms, found 12 plugins.
Preloading 1 native plugins for Editor in 0.08 ms.
Package Manager log level set to [2]
System.Reflection.TargetInvocationException: Exception has been thrown by the target of an invocation. ---> System.NullReferenceException: Object reference not set to an instance of an object
  at Unity.XR.Oculus.OculusLoader.AssetPathToAbsolutePath (System.String assetPath) [0x0003d] in C:\UnityDevelopment\Hands\Library\PackageCache\com.unity.xr.oculus@3.0.2\Runtime\OculusLoader.cs:271 
  at Unity.XR.Oculus.OculusLoader.EditorLoadOVRPlugin () [0x0007b] in C:\UnityDevelopment\Hands\Library\PackageCache\com.unity.xr.oculus@3.0.2\Runtime\OculusLoader.cs:256 
  at (wrapper managed-to-native) System.Reflection.RuntimeMethodInfo.InternalInvoke(System.Reflection.RuntimeMethodInfo,object,object[],System.Exception&)
  at System.Reflection.RuntimeMethodInfo.Invoke (System.Object obj, System.Reflection.BindingFlags invokeAttr, System.Reflection.Binder binder, System.Object[] parameters, System.Globalization.CultureInfo culture) [0x0006a] in <c2a97e0383e8404c9fc0ae19d58f57f1>:0 
   --- End of inner exception stack trace ---
  at System.Reflection.RuntimeMethodInfo.Invoke (System.Object obj, System.Reflection.BindingFlags invokeAttr, System.Reflection.Binder binder, System.Object[] parameters, System.Globalization.CultureInfo culture) [0x00083] in <c2a97e0383e8404c9fc0ae19d58f57f1>:0 
  at System.Reflection.MethodBase.Invoke (System.Object obj, System.Object[] parameters) [0x00000] in <c2a97e0383e8404c9fc0ae19d58f57f1>:0 
  at UnityEditor.EditorAssemblies.ProcessInitializeOnLoadMethodAttributes () [0x000a5] in <33518779906b403ba9f96eccba6a861b>:0 
UnityEngine.StackTraceUtility:ExtractStackTrace ()
UnityEngine.DebugLogHandler:LogFormat (UnityEngine.LogType,UnityEngine.Object,string,object[])
UnityEngine.Logger:Log (UnityEngine.LogType,object)
UnityEngine.Debug:LogError (object)
UnityEditor.EditorAssemblies:ProcessInitializeOnLoadMethodAttributes ()

Mono: successfully reloaded assembly
- Completed reload, in  1.464 seconds
Domain Reload Profiling:
	ReloadAssembly (1465ms)
		BeginReloadAssembly (105ms)
			ExecutionOrderSort (0ms)
			DisableScriptedObjects (5ms)
			BackupInstance (0ms)
			ReleaseScriptingObjects (0ms)
			CreateAndSetChildDomain (22ms)
		EndReloadAssembly (1253ms)
			LoadAssemblies (90ms)
			RebuildTransferFunctionScriptingTraits (0ms)
			SetupTypeCache (288ms)
			ReleaseScriptCaches (1ms)
			RebuildScriptCaches (86ms)
			SetupLoadedEditorAssemblies (735ms)
				LogAssemblyErrors (0ms)
				InitializePlatformSupportModulesInManaged (14ms)
				SetLoadedEditorAssemblies (1ms)
				RefreshPlugins (149ms)
				BeforeProcessingInitializeOnLoad (122ms)
				ProcessInitializeOnLoadAttributes (354ms)
				ProcessInitializeOnLoadMethodAttributes (90ms)
				AfterProcessingInitializeOnLoad (5ms)
				EditorAssembliesLoaded (0ms)
			ExecutionOrderSort2 (0ms)
			AwakeInstancesAfterBackupRestoration (6ms)
Platform modules already initialized, skipping
========================================================================
Worker process is ready to serve import requests
Launched and connected shader compiler UnityShaderCompiler.exe after 0.05 seconds
Refreshing native plugins compatible for Editor in 4.29 ms, found 12 plugins.
Preloading 1 native plugins for Editor in 0.24 ms.
Unloading 6531 Unused Serialized files (Serialized files now loaded: 0)
Unloading 62 unused Assets / (1.5 MB). Loaded Objects now: 6972.
Memory consumption went from 268.9 MB to 267.5 MB.
Total: 5.963100 ms (FindLiveObjects: 0.636000 ms CreateObjectMapping: 0.550800 ms MarkObjects: 4.277500 ms  DeleteObjects: 0.497300 ms)

AssetImportParameters requested are different than current active one (requested -> active):
  custom:video-decoder-ogg-theora: a1e56fd34408186e4bbccfd4996cb3dc -> 
  custom:container-muxer-webm: aa71ff27fc2769a1b78a27578f13a17b -> 
  custom:container-demuxer-webm: 4f35f7cbe854078d1ac9338744f61a02 -> 
  custom:video-encoder-webm-vp8: eb34c28f22e8b96e1ab97ce403110664 -> 
  custom:audio-encoder-webm-vorbis: bf7c407c2cedff20999df2af8eb42d56 -> 
  custom:framework-win-MediaFoundation: 216162199b28c13a410421893ffa2e32 -> 
  custom:container-demuxer-ogg: 62fdf1f143b41e24485cea50d1cbac27 -> 
  custom:video-decoder-webm-vp8: 9c59270c3fd7afecdb556c50c9e8de78 -> 
  custom:audio-decoder-ogg-vorbis: bf7c407c2cedff20999df2af8eb42d56 -> 
========================================================================
Received Import Request.
  Time since last request: 266335.808253 seconds.
  path: Assets/PolygonPrototype/Materials/PolygonPrototype_Global_Grid_03.mat
  artifactKey: Guid(6968e89851431104b8f931c37d69356b) Importer(815301076,1909f56bfc062723c751e8b465ee728b)
Start importing Assets/PolygonPrototype/Materials/PolygonPrototype_Global_Grid_03.mat using Guid(6968e89851431104b8f931c37d69356b) Importer(815301076,1909f56bfc062723c751e8b465ee728b)  -> (artifact id: '9e7e2686167724473bf4a1d9aa930b9d') in 0.386576 seconds 
========================================================================
Received Import Request.
  Time since last request: 0.000041 seconds.
  path: Assets/PolygonPrototype/Materials/PolygonPrototype_Texture_03.mat
  artifactKey: Guid(673443bdcb7bf2f47be93ce60e68966f) Importer(815301076,1909f56bfc062723c751e8b465ee728b)
Start importing Assets/PolygonPrototype/Materials/PolygonPrototype_Texture_03.mat using Guid(673443bdcb7bf2f47be93ce60e68966f) Importer(815301076,1909f56bfc062723c751e8b465ee728b)  -> (artifact id: 'daa79f02f588b4ccd47eacb1ce86c464') in 0.147976 seconds 
========================================================================
Received Import Request.
  Time since last request: 0.000073 seconds.
  path: Assets/PolygonPrototype/Materials/PolygonPrototype_Texture_07.mat
  artifactKey: Guid(6ba9f4735549d5b44b46a1e2a07ff751) Importer(815301076,1909f56bfc062723c751e8b465ee728b)
Start importing Assets/PolygonPrototype/Materials/PolygonPrototype_Texture_07.mat using Guid(6ba9f4735549d5b44b46a1e2a07ff751) Importer(815301076,1909f56bfc062723c751e8b465ee728b)  -> (artifact id: '5779a55e291cf184a54ac1b4d0973136') in 0.083605 seconds 
========================================================================
Received Import Request.
  Time since last request: 50.682569 seconds.
  path: Assets/PolygonPrototype/Materials/FX/PolygonPrototype_FX_GlowRing.mat
  artifactKey: Guid(bf8b699dcdcd73e49a261a38c68b012b) Importer(815301076,1909f56bfc062723c751e8b465ee728b)
Start importing Assets/PolygonPrototype/Materials/FX/PolygonPrototype_FX_GlowRing.mat using Guid(bf8b699dcdcd73e49a261a38c68b012b) Importer(815301076,1909f56bfc062723c751e8b465ee728b)  -> (artifact id: 'b9a2681e435e84e178c942d96702e5f5') in 0.050610 seconds 
========================================================================
Received Import Request.
  Time since last request: 8.115021 seconds.
  path: Assets/PolygonPrototype/Materials/Misc/PolygonPrototype_Water.mat
  artifactKey: Guid(3b3b5fc58ad0da34e8c6df4d5a51b035) Importer(815301076,1909f56bfc062723c751e8b465ee728b)
Start importing Assets/PolygonPrototype/Materials/Misc/PolygonPrototype_Water.mat using Guid(3b3b5fc58ad0da34e8c6df4d5a51b035) Importer(815301076,1909f56bfc062723c751e8b465ee728b)  -> (artifact id: 'e4775c65c28bf773f20db7c778ba74e0') in 0.051057 seconds 
========================================================================
Received Import Request.
  Time since last request: 46.969360 seconds.
  path: Assets/PolygonPrototype/Prefabs/FX/SM_FX_Glow_Ring_02.prefab
  artifactKey: Guid(3051c727a9e218f4eaff572b5d1e8771) Importer(815301076,1909f56bfc062723c751e8b465ee728b)
Start importing Assets/PolygonPrototype/Prefabs/FX/SM_FX_Glow_Ring_02.prefab using Guid(3051c727a9e218f4eaff572b5d1e8771) Importer(815301076,1909f56bfc062723c751e8b465ee728b)  -> (artifact id: '406824802da050e1e85f8bb0c7fd6fe8') in 0.032262 seconds 
========================================================================
Received Import Request.
  Time since last request: 0.000038 seconds.
  path: Assets/PolygonPrototype/Prefabs/FX/Smoke_Small_Light_FX.prefab
  artifactKey: Guid(90f965259c782c74a830882af458b544) Importer(815301076,1909f56bfc062723c751e8b465ee728b)
Start importing Assets/PolygonPrototype/Prefabs/FX/Smoke_Small_Light_FX.prefab using Guid(90f965259c782c74a830882af458b544) Importer(815301076,1909f56bfc062723c751e8b465ee728b)  -> (artifact id: 'ca529bc97261804735ec27ec61261439') in 0.019488 seconds 
========================================================================
Received Import Request.
  Time since last request: 0.325154 seconds.
  path: Assets/PolygonPrototype/Prefabs/Generic/SM_Generic_Cloud_04.prefab
  artifactKey: Guid(0e8b339777f291f46a21854b1f5f9b04) Importer(815301076,1909f56bfc062723c751e8b465ee728b)
Start importing Assets/PolygonPrototype/Prefabs/Generic/SM_Generic_Cloud_04.prefab using Guid(0e8b339777f291f46a21854b1f5f9b04) Importer(815301076,1909f56bfc062723c751e8b465ee728b)  -> (artifact id: '4eabd16773125f654349ddc621d08631') in 0.077481 seconds 
========================================================================
Received Import Request.
  Time since last request: 0.000037 seconds.
  path: Assets/PolygonPrototype/Prefabs/Generic/SM_Generic_Grass_Patch_01.prefab
  artifactKey: Guid(aaa9fac6c56c64d4eaceb647b35c69ed) Importer(815301076,1909f56bfc062723c751e8b465ee728b)
Start importing Assets/PolygonPrototype/Prefabs/Generic/SM_Generic_Grass_Patch_01.prefab using Guid(aaa9fac6c56c64d4eaceb647b35c69ed) Importer(815301076,1909f56bfc062723c751e8b465ee728b)  -> (artifact id: 'c409a450fc3f5f10003c95f346496b1d') in 0.067161 seconds 
========================================================================
Received Import Request.
  Time since last request: 0.000057 seconds.
  path: Assets/PolygonPrototype/Prefabs/Generic/SM_Generic_Tree_03.prefab
  artifactKey: Guid(74cd91a7648f08249bcdb5736bcf8a86) Importer(815301076,1909f56bfc062723c751e8b465ee728b)
Start importing Assets/PolygonPrototype/Prefabs/Generic/SM_Generic_Tree_03.prefab using Guid(74cd91a7648f08249bcdb5736bcf8a86) Importer(815301076,1909f56bfc062723c751e8b465ee728b)  -> (artifact id: '130b6d34f2c04e7b732126854f6c9231') in 0.065575 seconds 
========================================================================
Received Import Request.
  Time since last request: 0.000034 seconds.
  path: Assets/PolygonPrototype/Prefabs/Generic/SM_Generic_Tree_02.prefab
  artifactKey: Guid(44b363e80a9e4fd46ba03e4b71173a9e) Importer(815301076,1909f56bfc062723c751e8b465ee728b)
Start importing Assets/PolygonPrototype/Prefabs/Generic/SM_Generic_Tree_02.prefab using Guid(44b363e80a9e4fd46ba03e4b71173a9e) Importer(815301076,1909f56bfc062723c751e8b465ee728b)  -> (artifact id: '3101669018a53fdcdc441fd7e40dd605') in 0.069836 seconds 
========================================================================
Received Import Request.
  Time since last request: 0.000032 seconds.
  path: Assets/PolygonPrototype/Prefabs/Generic/SM_Generic_Mountains_Soft_01.prefab
  artifactKey: Guid(6e0dbb46da4c95f46ab24246940cf6f6) Importer(815301076,1909f56bfc062723c751e8b465ee728b)
Start importing Assets/PolygonPrototype/Prefabs/Generic/SM_Generic_Mountains_Soft_01.prefab using Guid(6e0dbb46da4c95f46ab24246940cf6f6) Importer(815301076,1909f56bfc062723c751e8b465ee728b)  -> (artifact id: 'e058faf896f81c0991563defb0391741') in 0.069508 seconds 
========================================================================
Received Import Request.
  Time since last request: 0.000049 seconds.
  path: Assets/PolygonPrototype/Prefabs/Icons/SM_Icon_Banana_02.prefab
  artifactKey: Guid(84cd279dfc9ea0a4b8564030182915fa) Importer(815301076,1909f56bfc062723c751e8b465ee728b)
Start importing Assets/PolygonPrototype/Prefabs/Icons/SM_Icon_Banana_02.prefab using Guid(84cd279dfc9ea0a4b8564030182915fa) Importer(815301076,1909f56bfc062723c751e8b465ee728b)  -> (artifact id: 'a5d5300df0216ee30c46b7a4dc2b34c0') in 0.062049 seconds 
========================================================================
Received Import Request.
  Time since last request: 0.000067 seconds.
  path: Assets/PolygonPrototype/Prefabs/Icons/SM_Icon_Letter_U_01.prefab
  artifactKey: Guid(958d3b31b640ec34797cc16885bea1ce) Importer(815301076,1909f56bfc062723c751e8b465ee728b)
Start importing Assets/PolygonPrototype/Prefabs/Icons/SM_Icon_Letter_U_01.prefab using Guid(958d3b31b640ec34797cc16885bea1ce) Importer(815301076,1909f56bfc062723c751e8b465ee728b)  -> (artifact id: 'db98d5984e71afee6e09efb0020a5ee4') in 0.067509 seconds 
========================================================================
Received Import Request.
  Time since last request: 0.000061 seconds.
  path: Assets/PolygonPrototype/Prefabs/Icons/SM_Icon_Letter_Colon_01.prefab
  artifactKey: Guid(53d882b2c174f284ca2ce530b1212e6c) Importer(815301076,1909f56bfc062723c751e8b465ee728b)
Start importing Assets/PolygonPrototype/Prefabs/Icons/SM_Icon_Letter_Colon_01.prefab using Guid(53d882b2c174f284ca2ce530b1212e6c) Importer(815301076,1909f56bfc062723c751e8b465ee728b)  -> (artifact id: '207369fb3f03296276a5b840bfa4bcf2') in 0.070616 seconds 
========================================================================
Received Import Request.
  Time since last request: 0.000039 seconds.
  path: Assets/PolygonPrototype/Prefabs/Icons/SM_Icon_Home_01.prefab
  artifactKey: Guid(654d4d8f5974c3b48ae242504f4725dc) Importer(815301076,1909f56bfc062723c751e8b465ee728b)
Start importing Assets/PolygonPrototype/Prefabs/Icons/SM_Icon_Home_01.prefab using Guid(654d4d8f5974c3b48ae242504f4725dc) Importer(815301076,1909f56bfc062723c751e8b465ee728b)  -> (artifact id: 'a2ebfe01230c21ffe4fc0644542e124a') in 0.070793 seconds 
========================================================================
Received Import Request.
  Time since last request: 0.000045 seconds.
  path: Assets/PolygonPrototype/Prefabs/Icons/SM_Icon_Axe_01.prefab
  artifactKey: Guid(a6cfedc7f70b3074d9a988d36a08b92f) Importer(815301076,1909f56bfc062723c751e8b465ee728b)
Start importing Assets/PolygonPrototype/Prefabs/Icons/SM_Icon_Axe_01.prefab using Guid(a6cfedc7f70b3074d9a988d36a08b92f) Importer(815301076,1909f56bfc062723c751e8b465ee728b)  -> (artifact id: '5ff8654f143b47a07eecf73ef3580789') in 0.064955 seconds 
========================================================================
Received Import Request.
  Time since last request: 0.000039 seconds.
  path: Assets/PolygonPrototype/Prefabs/Icons/SM_Icon_Letter_M_01.prefab
  artifactKey: Guid(3407243f2710b7a4abb5d6e6e8bc0344) Importer(815301076,1909f56bfc062723c751e8b465ee728b)
Start importing Assets/PolygonPrototype/Prefabs/Icons/SM_Icon_Letter_M_01.prefab using Guid(3407243f2710b7a4abb5d6e6e8bc0344) Importer(815301076,1909f56bfc062723c751e8b465ee728b)  -> (artifact id: '10f06f8c13819c0fa6ac2591cd33670a') in 0.065571 seconds 
========================================================================
Received Import Request.
  Time since last request: 0.000036 seconds.
  path: Assets/PolygonPrototype/Prefabs/Icons/SM_Icon_Gun_01.prefab
  artifactKey: Guid(e42189c530de6c944961b54c51a398e6) Importer(815301076,1909f56bfc062723c751e8b465ee728b)
Start importing Assets/PolygonPrototype/Prefabs/Icons/SM_Icon_Gun_01.prefab using Guid(e42189c530de6c944961b54c51a398e6) Importer(815301076,1909f56bfc062723c751e8b465ee728b)  -> (artifact id: '8621b8d93b34cf693e2ce74afa1c9ddc') in 0.067684 seconds 
========================================================================
Received Import Request.
  Time since last request: 0.000053 seconds.
  path: Assets/PolygonPrototype/Prefabs/Icons/SM_Icon_Balloon_01.prefab
  artifactKey: Guid(5e5b016a0cd771740aae0b664476d77d) Importer(815301076,1909f56bfc062723c751e8b465ee728b)
Start importing Assets/PolygonPrototype/Prefabs/Icons/SM_Icon_Balloon_01.prefab using Guid(5e5b016a0cd771740aae0b664476d77d) Importer(815301076,1909f56bfc062723c751e8b465ee728b)  -> (artifact id: '9971605d0e5a88fe9295a0067aaa7ce1') in 0.069742 seconds 
========================================================================
Received Import Request.
  Time since last request: 0.000055 seconds.
  path: Assets/PolygonPrototype/Prefabs/Icons/SM_Icon_Letter_Apostrophe_01.prefab
  artifactKey: Guid(67a73f5a849d6c240b647e9322bf34a9) Importer(815301076,1909f56bfc062723c751e8b465ee728b)
Start importing Assets/PolygonPrototype/Prefabs/Icons/SM_Icon_Letter_Apostrophe_01.prefab using Guid(67a73f5a849d6c240b647e9322bf34a9) Importer(815301076,1909f56bfc062723c751e8b465ee728b)  -> (artifact id: '4e11e5a5643d4d41386457ecd48852de') in 0.062966 seconds 
========================================================================
Received Import Request.
  Time since last request: 0.000053 seconds.
  path: Assets/PolygonPrototype/Prefabs/Icons/SM_Icon_Gem_01.prefab
  artifactKey: Guid(9e928de923724f54ea836e735efdd8b6) Importer(815301076,1909f56bfc062723c751e8b465ee728b)
Start importing Assets/PolygonPrototype/Prefabs/Icons/SM_Icon_Gem_01.prefab using Guid(9e928de923724f54ea836e735efdd8b6) Importer(815301076,1909f56bfc062723c751e8b465ee728b)  -> (artifact id: '33ca4f48b52c057b252a63b46df63ecb') in 0.067919 seconds 
========================================================================
Received Import Request.
  Time since last request: 0.000062 seconds.
  path: Assets/PolygonPrototype/Prefabs/Icons/SM_Icon_Letter_Bracket_01.prefab
  artifactKey: Guid(2fc205a0946583e4da7a6d0ec27e719c) Importer(815301076,1909f56bfc062723c751e8b465ee728b)
Start importing Assets/PolygonPrototype/Prefabs/Icons/SM_Icon_Letter_Bracket_01.prefab using Guid(2fc205a0946583e4da7a6d0ec27e719c) Importer(815301076,1909f56bfc062723c751e8b465ee728b)  -> (artifact id: 'c7da65e924004a401f2b1fce3af55dba') in 0.064063 seconds 
========================================================================
Received Import Request.
  Time since last request: 0.000040 seconds.
  path: Assets/PolygonPrototype/Prefabs/Icons/SM_Icon_Guage_01.prefab
  artifactKey: Guid(68bad1cd05d95b94699b8b61b594f053) Importer(815301076,1909f56bfc062723c751e8b465ee728b)
Start importing Assets/PolygonPrototype/Prefabs/Icons/SM_Icon_Guage_01.prefab using Guid(68bad1cd05d95b94699b8b61b594f053) Importer(815301076,1909f56bfc062723c751e8b465ee728b)  -> (artifact id: '526f8ae5791f6b16bec336177e8956df') in 0.075384 seconds 
========================================================================
Received Import Request.
  Time since last request: 0.000040 seconds.
  path: Assets/PolygonPrototype/Prefabs/Icons/SM_Icon_Controller_01.prefab
  artifactKey: Guid(670095002324ee240a76c644c6bc1c57) Importer(815301076,1909f56bfc062723c751e8b465ee728b)
Start importing Assets/PolygonPrototype/Prefabs/Icons/SM_Icon_Controller_01.prefab using Guid(670095002324ee240a76c644c6bc1c57) Importer(815301076,1909f56bfc062723c751e8b465ee728b)  -> (artifact id: '6103fd258ab2f35d3989a2b12f2a5387') in 0.060809 seconds 
========================================================================
Received Import Request.
  Time since last request: 0.000080 seconds.
  path: Assets/PolygonPrototype/Prefabs/Icons/SM_Icon_Arrow_Small_07.prefab
  artifactKey: Guid(3be0a16ee9b9e0348b1fcb0dc05e9d58) Importer(815301076,1909f56bfc062723c751e8b465ee728b)
Start importing Assets/PolygonPrototype/Prefabs/Icons/SM_Icon_Arrow_Small_07.prefab using Guid(3be0a16ee9b9e0348b1fcb0dc05e9d58) Importer(815301076,1909f56bfc062723c751e8b465ee728b)  -> (artifact id: '2e1e902ed07102e194f0d97d95707c8a') in 0.064843 seconds 
========================================================================
Received Import Request.
  Time since last request: 0.000061 seconds.
  path: Assets/PolygonPrototype/Prefabs/Icons/SM_Icon_Letter_And_01.prefab
  artifactKey: Guid(c54b192dd2d967949b6679d1bd7057e9) Importer(815301076,1909f56bfc062723c751e8b465ee728b)
Start importing Assets/PolygonPrototype/Prefabs/Icons/SM_Icon_Letter_And_01.prefab using Guid(c54b192dd2d967949b6679d1bd7057e9) Importer(815301076,1909f56bfc062723c751e8b465ee728b)  -> (artifact id: 'c307242adddb4a2fead8ce1692fc892a') in 0.064453 seconds 
========================================================================
Received Import Request.
  Time since last request: 0.000058 seconds.
  path: Assets/PolygonPrototype/Prefabs/Icons/SM_Icon_Audio_01.prefab
  artifactKey: Guid(f75a2a99206bc424b8476397d53add0c) Importer(815301076,1909f56bfc062723c751e8b465ee728b)
Start importing Assets/PolygonPrototype/Prefabs/Icons/SM_Icon_Audio_01.prefab using Guid(f75a2a99206bc424b8476397d53add0c) Importer(815301076,1909f56bfc062723c751e8b465ee728b)  -> (artifact id: 'bfb4896663066846390dfed93daedc4f') in 0.063648 seconds 
========================================================================
Received Import Request.
  Time since last request: 0.000081 seconds.
  path: Assets/PolygonPrototype/Prefabs/Icons/SM_Icon_Letter_C_01.prefab
  artifactKey: Guid(6e3d60155f21e3b45925e3c48d8b103a) Importer(815301076,1909f56bfc062723c751e8b465ee728b)
Start importing Assets/PolygonPrototype/Prefabs/Icons/SM_Icon_Letter_C_01.prefab using Guid(6e3d60155f21e3b45925e3c48d8b103a) Importer(815301076,1909f56bfc062723c751e8b465ee728b)  -> (artifact id: '21770c8a7749cf9acf8c557a0aa3179a') in 0.068142 seconds 
========================================================================
Received Import Request.
  Time since last request: 0.000077 seconds.
  path: Assets/PolygonPrototype/Prefabs/Icons/SM_Icon_Letter_J_01.prefab
  artifactKey: Guid(32202b5083e52294fb3bd2e7807977c7) Importer(815301076,1909f56bfc062723c751e8b465ee728b)
Start importing Assets/PolygonPrototype/Prefabs/Icons/SM_Icon_Letter_J_01.prefab using Guid(32202b5083e52294fb3bd2e7807977c7) Importer(815301076,1909f56bfc062723c751e8b465ee728b)  -> (artifact id: '6fd9429092a69bceccf7ee8f77a54a87') in 0.072839 seconds 
========================================================================
Received Import Request.
  Time since last request: 0.000095 seconds.
  path: Assets/PolygonPrototype/Prefabs/Icons/SM_Icon_Letter_A_01.prefab
  artifactKey: Guid(cc7f6b10da9d0ba47820926d5a9da651) Importer(815301076,1909f56bfc062723c751e8b465ee728b)
Start importing Assets/PolygonPrototype/Prefabs/Icons/SM_Icon_Letter_A_01.prefab using Guid(cc7f6b10da9d0ba47820926d5a9da651) Importer(815301076,1909f56bfc062723c751e8b465ee728b)  -> (artifact id: 'a92b155ce374885ee363ee96b3ec5f38') in 0.061752 seconds 
========================================================================
Received Import Request.
  Time since last request: 0.000041 seconds.
  path: Assets/PolygonPrototype/Prefabs/Icons/SM_Icon_Light_Area_01.prefab
  artifactKey: Guid(5b6cf40d483399744868fa026f8a03c0) Importer(815301076,1909f56bfc062723c751e8b465ee728b)
Start importing Assets/PolygonPrototype/Prefabs/Icons/SM_Icon_Light_Area_01.prefab using Guid(5b6cf40d483399744868fa026f8a03c0) Importer(815301076,1909f56bfc062723c751e8b465ee728b)  -> (artifact id: '68bc0b48ba7b107bebb57e3f36771503') in 0.065377 seconds 
========================================================================
Received Import Request.
  Time since last request: 0.000046 seconds.
  path: Assets/PolygonPrototype/Prefabs/Icons/SM_Icon_Arrow_Small_01.prefab
  artifactKey: Guid(beb162d963ca065489b61138f84de28d) Importer(815301076,1909f56bfc062723c751e8b465ee728b)
Start importing Assets/PolygonPrototype/Prefabs/Icons/SM_Icon_Arrow_Small_01.prefab using Guid(beb162d963ca065489b61138f84de28d) Importer(815301076,1909f56bfc062723c751e8b465ee728b)  -> (artifact id: 'a4a7cff1b839cb4fc5eea2390a809fc9') in 0.066785 seconds 
Editor requested this worker to shutdown with reason: Scaling down because of idle timeout
AssetImportWorker is now disconnected from the server
Process exiting
Exiting without the bug reporter. Application will terminate with return code 0